#
# A fatal error has been detected by the Java Runtime Environment:
#
#  EXCEPTION_ACCESS_VIOLATION (0xc0000005) at pc=0x00007ff8bd74ca56, pid=1320, tid=20248
#
# JRE version: OpenJDK Runtime Environment Temurin-17.0.8.1+1 (17.0.8.1+1) (build 17.0.8.1+1)
# Java VM: OpenJDK 64-Bit Server VM Temurin-17.0.8.1+1 (17.0.8.1+1, mixed mode, emulated-client, tiered, compressed oops, compressed class ptrs, g1 gc, windows-amd64)
# Problematic frame:
# V  [jvm.dll+0xca56]
#
# No core dump will be written. Minidumps are not enabled by default on client versions of Windows
#
# If you would like to submit a bug report, please visit:
#   https://github.com/adoptium/adoptium-support/issues
#

---------------  S U M M A R Y ------------

Command Line: -Dcom.sun.management.jmxremote -Dcom.sun.management.jmxremote.port=6696 -Dcom.sun.management.jmxremote.authenticate=false -Dcom.sun.management.jmxremote.ssl=false -Djava.rmi.server.hostname=localhost -Dspring.jmx.enabled=true -Dmanagement.endpoints.jmx.exposure.include=* -Dspring.application.admin.enabled=true -XX:TieredStopAtLevel=1 -Dspring.boot.project.name=Blog_Ouki -Dfile.encoding=UTF-8 -Dstdout.encoding=UTF-8 -Dstderr.encoding=UTF-8 -XX:+ShowCodeDetailsInExceptionMessages blog.com.BlogOukiApplication --spring.output.ansi.enabled=always

Host: Intel(R) Core(TM) i7-7700HQ CPU @ 2.80GHz, 8 cores, 15G,  Windows 11 , 64 bit Build 22621 (10.0.22621.2700)
Time: Thu Nov 16 09:59:35 2023  Windows 11 , 64 bit Build 22621 (10.0.22621.2700) elapsed time: 5.234339 seconds (0d 0h 0m 5s)

---------------  T H R E A D  ---------------

Current thread (0x000002d74ea15bc0):  GCTaskThread "GC Thread#7" [stack: 0x000000f0bd600000,0x000000f0bd700000] [id=20248]

Stack: [0x000000f0bd600000,0x000000f0bd700000],  sp=0x000000f0bd6ff818,  free space=1022k
Native frames: (J=compiled Java code, j=interpreted, Vv=VM code, C=native code)
V  [jvm.dll+0xca56]


siginfo: EXCEPTION_ACCESS_VIOLATION (0xc0000005), reading address 0x00000008e11942ac


Register to memory mapping:

RIP=0x00007ff8bd74ca56 jvm.dll
RAX=0x0000000000000001 is an unknown value
RBX=0x0000000000000001 is an unknown value
RCX=0x0000000708ca1bd8 is pointing into object: java.lang.reflect.Method 
{0x0000000708ca1bb0} - klass: 'java/lang/reflect/Method'
 - ---- fields (total size 11 words):
 - 'override' 'Z' @12  false
 - volatile 'accessCheckCache' 'Ljava/lang/Object;' @16  NULL (0)
 - private volatile transient 'hasRealParameterData' 'Z' @13  false
 - private volatile transient 'parameters' '[Ljava/lang/reflect/Parameter;' @20  NULL (0)
 - private volatile transient 'declaredAnnotations' 'Ljava/util/Map;' @24  NULL (0)
 - private 'slot' 'I' @28  0
 - private synchronized 'modifiers' 'I' @32  1025 (401)
 - private synchronized 'clazz' 'Ljava/lang/Class;' @36  a 'java/lang/Class'{0x0000000708ca1370} = 'org/springframework/context/annotation/ImportRuntimeHints' (e119426e)
 - private 'name' 'Ljava/lang/String;' @40  "value"{0x0000000702721168} (e04e422d)
 - private 'returnType' 'Ljava/lang/Class;' @44  a 'java/lang/Class'{0x0000000702815a00} = 'java/lang/Class'[] (e0502b40)
 - private 'parameterTypes' '[Ljava/lang/Class;' @48  a 'java/lang/Class'[0] {0x0000000708ca1520} (e11942a4)
 - private 'exceptionTypes' '[Ljava/lang/Class;' @52  a 'java/lang/Class'[0] {0x000000070270f3f0} (e04e1e7e)
 - private transient 'signature' 'Ljava/lang/String;' @56  "()[Ljava/lang/Class<+Lorg/springframework/aot/hint/RuntimeHintsRegistrar;>;"{0x0000000708ca1530} (e11942a6)
 - private transient 'genericInfo' 'Lsun/reflect/generics/repository/MethodRepository;' @60  NULL (0)
 - private 'annotations' '[B' @64  NULL (0)
 - private 'parameterAnnotations' '[B' @68  NULL (0)
 - private 'annotationDefault' '[B' @72  NULL (0)
 - private volatile 'methodAccessor' 'Ljdk/internal/reflect/MethodAccessor;' @76  NULL (0)
 - private 'root' 'Ljava/lang/reflect/Method;' @80  a 'java/lang/reflect/Method'{0x0000000708ca14c8} (e1194299)
RDX=0x0000000708ca1bd8 is pointing into object: java.lang.reflect.Method 
{0x0000000708ca1bb0} - klass: 'java/lang/reflect/Method'
 - ---- fields (total size 11 words):
 - 'override' 'Z' @12  false
 - volatile 'accessCheckCache' 'Ljava/lang/Object;' @16  NULL (0)
 - private volatile transient 'hasRealParameterData' 'Z' @13  false
 - private volatile transient 'parameters' '[Ljava/lang/reflect/Parameter;' @20  NULL (0)
 - private volatile transient 'declaredAnnotations' 'Ljava/util/Map;' @24  NULL (0)
 - private 'slot' 'I' @28  0
 - private synchronized 'modifiers' 'I' @32  1025 (401)
 - private synchronized 'clazz' 'Ljava/lang/Class;' @36  a 'java/lang/Class'{0x0000000708ca1370} = 'org/springframework/context/annotation/ImportRuntimeHints' (e119426e)
 - private 'name' 'Ljava/lang/String;' @40  "value"{0x0000000702721168} (e04e422d)
 - private 'returnType' 'Ljava/lang/Class;' @44  a 'java/lang/Class'{0x0000000702815a00} = 'java/lang/Class'[] (e0502b40)
 - private 'parameterTypes' '[Ljava/lang/Class;' @48  a 'java/lang/Class'[0] {0x0000000708ca1520} (e11942a4)
 - private 'exceptionTypes' '[Ljava/lang/Class;' @52  a 'java/lang/Class'[0] {0x000000070270f3f0} (e04e1e7e)
 - private transient 'signature' 'Ljava/lang/String;' @56  "()[Ljava/lang/Class<+Lorg/springframework/aot/hint/RuntimeHintsRegistrar;>;"{0x0000000708ca1530} (e11942a6)
 - private transient 'genericInfo' 'Lsun/reflect/generics/repository/MethodRepository;' @60  NULL (0)
 - private 'annotations' '[B' @64  NULL (0)
 - private 'parameterAnnotations' '[B' @68  NULL (0)
 - private 'annotationDefault' '[B' @72  NULL (0)
 - private volatile 'methodAccessor' 'Ljdk/internal/reflect/MethodAccessor;' @76  NULL (0)
 - private 'root' 'Ljava/lang/reflect/Method;' @80  a 'java/lang/reflect/Method'{0x0000000708ca14c8} (e1194299)
RSP=0x000000f0bd6ff818 points into unknown readable memory: 0x00007ff8bda487af | af 87 a4 bd f8 7f 00 00
RBP=0x000000f0bd6ff898 points into unknown readable memory: 0x0000000000000000 | 00 00 00 00 00 00 00 00
RSI=0x000002d74ef652c0 points into unknown readable memory: 0x00007ff8be09a638 | 38 a6 09 be f8 7f 00 00
RDI=0x000002d74ef652c0 points into unknown readable memory: 0x00007ff8be09a638 | 38 a6 09 be f8 7f 00 00
R8 =0x0000000708ca1bd8 is pointing into object: java.lang.reflect.Method 
{0x0000000708ca1bb0} - klass: 'java/lang/reflect/Method'
 - ---- fields (total size 11 words):
 - 'override' 'Z' @12  false
 - volatile 'accessCheckCache' 'Ljava/lang/Object;' @16  NULL (0)
 - private volatile transient 'hasRealParameterData' 'Z' @13  false
 - private volatile transient 'parameters' '[Ljava/lang/reflect/Parameter;' @20  NULL (0)
 - private volatile transient 'declaredAnnotations' 'Ljava/util/Map;' @24  NULL (0)
 - private 'slot' 'I' @28  0
 - private synchronized 'modifiers' 'I' @32  1025 (401)
 - private synchronized 'clazz' 'Ljava/lang/Class;' @36  a 'java/lang/Class'{0x0000000708ca1370} = 'org/springframework/context/annotation/ImportRuntimeHints' (e119426e)
 - private 'name' 'Ljava/lang/String;' @40  "value"{0x0000000702721168} (e04e422d)
 - private 'returnType' 'Ljava/lang/Class;' @44  a 'java/lang/Class'{0x0000000702815a00} = 'java/lang/Class'[] (e0502b40)
 - private 'parameterTypes' '[Ljava/lang/Class;' @48  a 'java/lang/Class'[0] {0x0000000708ca1520} (e11942a4)
 - private 'exceptionTypes' '[Ljava/lang/Class;' @52  a 'java/lang/Class'[0] {0x000000070270f3f0} (e04e1e7e)
 - private transient 'signature' 'Ljava/lang/String;' @56  "()[Ljava/lang/Class<+Lorg/springframework/aot/hint/RuntimeHintsRegistrar;>;"{0x0000000708ca1530} (e11942a6)
 - private transient 'genericInfo' 'Lsun/reflect/generics/repository/MethodRepository;' @60  NULL (0)
 - private 'annotations' '[B' @64  NULL (0)
 - private 'parameterAnnotations' '[B' @68  NULL (0)
 - private 'annotationDefault' '[B' @72  NULL (0)
 - private volatile 'methodAccessor' 'Ljdk/internal/reflect/MethodAccessor;' @76  NULL (0)
 - private 'root' 'Ljava/lang/reflect/Method;' @80  a 'java/lang/reflect/Method'{0x0000000708ca14c8} (e1194299)
R9 =0x00000008e11942a4 is an unknown value
R10=0x0000000708ca1bd8 is pointing into object: java.lang.reflect.Method 
{0x0000000708ca1bb0} - klass: 'java/lang/reflect/Method'
 - ---- fields (total size 11 words):
 - 'override' 'Z' @12  false
 - volatile 'accessCheckCache' 'Ljava/lang/Object;' @16  NULL (0)
 - private volatile transient 'hasRealParameterData' 'Z' @13  false
 - private volatile transient 'parameters' '[Ljava/lang/reflect/Parameter;' @20  NULL (0)
 - private volatile transient 'declaredAnnotations' 'Ljava/util/Map;' @24  NULL (0)
 - private 'slot' 'I' @28  0
 - private synchronized 'modifiers' 'I' @32  1025 (401)
 - private synchronized 'clazz' 'Ljava/lang/Class;' @36  a 'java/lang/Class'{0x0000000708ca1370} = 'org/springframework/context/annotation/ImportRuntimeHints' (e119426e)
 - private 'name' 'Ljava/lang/String;' @40  "value"{0x0000000702721168} (e04e422d)
 - private 'returnType' 'Ljava/lang/Class;' @44  a 'java/lang/Class'{0x0000000702815a00} = 'java/lang/Class'[] (e0502b40)
 - private 'parameterTypes' '[Ljava/lang/Class;' @48  a 'java/lang/Class'[0] {0x0000000708ca1520} (e11942a4)
 - private 'exceptionTypes' '[Ljava/lang/Class;' @52  a 'java/lang/Class'[0] {0x000000070270f3f0} (e04e1e7e)
 - private transient 'signature' 'Ljava/lang/String;' @56  "()[Ljava/lang/Class<+Lorg/springframework/aot/hint/RuntimeHintsRegistrar;>;"{0x0000000708ca1530} (e11942a6)
 - private transient 'genericInfo' 'Lsun/reflect/generics/repository/MethodRepository;' @60  NULL (0)
 - private 'annotations' '[B' @64  NULL (0)
 - private 'parameterAnnotations' '[B' @68  NULL (0)
 - private 'annotationDefault' '[B' @72  NULL (0)
 - private volatile 'methodAccessor' 'Ljdk/internal/reflect/MethodAccessor;' @76  NULL (0)
 - private 'root' 'Ljava/lang/reflect/Method;' @80  a 'java/lang/reflect/Method'{0x0000000708ca14c8} (e1194299)
R11=0x0000000703266820 is an oop: [B 
{0x0000000703266820} - klass: {type array byte}
 - length: 97
R12=0x000000f0bd6ffb90 points into unknown readable memory: 0x00007ff8be09b6f0 | f0 b6 09 be f8 7f 00 00
R13=0x0000000708ca1bd8 is pointing into object: java.lang.reflect.Method 
{0x0000000708ca1bb0} - klass: 'java/lang/reflect/Method'
 - ---- fields (total size 11 words):
 - 'override' 'Z' @12  false
 - volatile 'accessCheckCache' 'Ljava/lang/Object;' @16  NULL (0)
 - private volatile transient 'hasRealParameterData' 'Z' @13  false
 - private volatile transient 'parameters' '[Ljava/lang/reflect/Parameter;' @20  NULL (0)
 - private volatile transient 'declaredAnnotations' 'Ljava/util/Map;' @24  NULL (0)
 - private 'slot' 'I' @28  0
 - private synchronized 'modifiers' 'I' @32  1025 (401)
 - private synchronized 'clazz' 'Ljava/lang/Class;' @36  a 'java/lang/Class'{0x0000000708ca1370} = 'org/springframework/context/annotation/ImportRuntimeHints' (e119426e)
 - private 'name' 'Ljava/lang/String;' @40  "value"{0x0000000702721168} (e04e422d)
 - private 'returnType' 'Ljava/lang/Class;' @44  a 'java/lang/Class'{0x0000000702815a00} = 'java/lang/Class'[] (e0502b40)
 - private 'parameterTypes' '[Ljava/lang/Class;' @48  a 'java/lang/Class'[0] {0x0000000708ca1520} (e11942a4)
 - private 'exceptionTypes' '[Ljava/lang/Class;' @52  a 'java/lang/Class'[0] {0x000000070270f3f0} (e04e1e7e)
 - private transient 'signature' 'Ljava/lang/String;' @56  "()[Ljava/lang/Class<+Lorg/springframework/aot/hint/RuntimeHintsRegistrar;>;"{0x0000000708ca1530} (e11942a6)
 - private transient 'genericInfo' 'Lsun/reflect/generics/repository/MethodRepository;' @60  NULL (0)
 - private 'annotations' '[B' @64  NULL (0)
 - private 'parameterAnnotations' '[B' @68  NULL (0)
 - private 'annotationDefault' '[B' @72  NULL (0)
 - private volatile 'methodAccessor' 'Ljdk/internal/reflect/MethodAccessor;' @76  NULL (0)
 - private 'root' 'Ljava/lang/reflect/Method;' @80  a 'java/lang/reflect/Method'{0x0000000708ca14c8} (e1194299)
R14=0x00000008e11942a4 is an unknown value
R15=0x0 is NULL


Registers:
RAX=0x0000000000000001, RBX=0x0000000000000001, RCX=0x0000000708ca1bd8, RDX=0x0000000708ca1bd8
RSP=0x000000f0bd6ff818, RBP=0x000000f0bd6ff898, RSI=0x000002d74ef652c0, RDI=0x000002d74ef652c0
R8 =0x0000000708ca1bd8, R9 =0x00000008e11942a4, R10=0x0000000708ca1bd8, R11=0x0000000703266820
R12=0x000000f0bd6ffb90, R13=0x0000000708ca1bd8, R14=0x00000008e11942a4, R15=0x0000000000000000
RIP=0x00007ff8bd74ca56, EFLAGS=0x0000000000010202

Top of Stack: (sp=0x000000f0bd6ff818)
0x000000f0bd6ff818:   00007ff8bda487af 0000000000000001
0x000000f0bd6ff828:   0000000000000002 000000f0bd6ff898
0x000000f0bd6ff838:   000002d74ef65440 0000000800000002
0x000000f0bd6ff848:   00007ff800000000 0000000703e60001
0x000000f0bd6ff858:   0000000800490100 0000000700000000
0x000000f0bd6ff868:   0000000000000011 000002d7494fed40
0x000000f0bd6ff878:   000000f0bd6ff9e0 000002d736d5d700
0x000000f0bd6ff888:   00007ff8bda14b77 000002d74ef65440
0x000000f0bd6ff898:   0000000000000000 0000000000000040
0x000000f0bd6ff8a8:   000002d736d5d700 000000f0bd6ffb90
0x000000f0bd6ff8b8:   000002d74ef652c0 00000007032668fc
0x000000f0bd6ff8c8:   00000007032668fd 000000000000006f
0x000000f0bd6ff8d8:   00007ff8bda49842 0000000708bc0000
0x000000f0bd6ff8e8:   0000000000000100 000002d736d50001
0x000000f0bd6ff8f8:   e0502b40e04e422d 000000f0bd6ff980
0x000000f0bd6ff908:   000002d736d53530 0000000000000100 

Instructions: (pc=0x00007ff8bd74ca56)
0x00007ff8bd74c956:   cc cc cc cc cc cc cc cc cc cc 4c 8b 01 4c 8b c9
0x00007ff8bd74c966:   48 8b 0d 13 14 b5 00 ba 64 60 08 00 e9 49 f1 ff
0x00007ff8bd74c976:   ff cc cc cc cc cc cc cc cc cc 8b 05 82 59 af 00
0x00007ff8bd74c986:   c3 cc cc cc cc cc cc cc cc cc 0f b6 05 e7 1c b6
0x00007ff8bd74c996:   00 48 8b d1 84 c0 74 16 44 8b 41 08 8b 0d 60 59
0x00007ff8bd74c9a6:   af 00 49 d3 e0 4c 03 05 4e 59 af 00 eb 04 4c 8b
0x00007ff8bd74c9b6:   41 08 45 8b 50 08 45 85 d2 7e 0e 41 f6 c2 01 75
0x00007ff8bd74c9c6:   53 41 c1 fa 03 41 8b c2 c3 79 49 84 c0 b9 10 00
0x00007ff8bd74c9d6:   00 00 8b 05 66 68 af 00 41 b8 0c 00 00 00 41 0f
0x00007ff8bd74c9e6:   45 c8 ff c8 4c 63 c8 48 63 14 11 41 8b ca 83 e1
0x00007ff8bd74c9f6:   3f 48 d3 e2 41 8b ca 48 c1 f9 10 0f b6 c1 49 8d
0x00007ff8bd74ca06:   0c 11 49 f7 d1 48 03 c1 49 c1 e9 03 48 c1 e8 03
0x00007ff8bd74ca16:   41 23 c1 c3 49 8b 00 49 8b c8 48 ff a0 00 01 00
0x00007ff8bd74ca26:   00 cc cc cc cc cc cc cc cc cc 8b 44 24 30 45 03
0x00007ff8bd74ca36:   c9 44 2b 4c 24 28 83 c0 0b 44 03 ca 45 03 c8 41
0x00007ff8bd74ca46:   03 c1 c3 cc cc cc cc cc cc cc 4c 8b ca 48 8b d1
0x00007ff8bd74ca56:   45 8b 41 08 45 85 c0 7e 0e 41 f6 c0 01 75 56 41
0x00007ff8bd74ca66:   c1 f8 03 41 8b c0 c3 79 4c 80 3d 08 1c b6 00 00
0x00007ff8bd74ca76:   b8 0c 00 00 00 b9 10 00 00 00 0f 45 c8 8b 05 bb
0x00007ff8bd74ca86:   67 af 00 ff c8 4c 63 c8 48 63 14 11 41 8b c8 83
0x00007ff8bd74ca96:   e1 3f 48 d3 e2 41 8b c8 48 c1 f9 10 0f b6 c1 49
0x00007ff8bd74caa6:   8d 0c 11 49 f7 d1 48 03 c1 49 c1 e9 03 48 c1 e8
0x00007ff8bd74cab6:   03 41 23 c1 c3 49 8b 01 49 8b c9 48 ff a0 00 01
0x00007ff8bd74cac6:   00 00 cc cc cc cc cc cc cc cc 48 8b 41 08 0f b7
0x00007ff8bd74cad6:   48 2a 0f b7 40 28 83 c0 48 03 c1 c3 cc cc cc cc
0x00007ff8bd74cae6:   cc cc cc cc cc cc cc cc cc cc 48 89 5c 24 08 57
0x00007ff8bd74caf6:   48 83 ec 20 0f b6 05 af fc b9 00 48 8b fa 48 8b
0x00007ff8bd74cb06:   d9 84 c0 74 4f 48 85 15 96 f4 b9 00 74 38 48 8b
0x00007ff8bd74cb16:   ca e8 94 a3 85 00 48 8b d0 48 85 db 74 25 48 85
0x00007ff8bd74cb26:   c0 74 20 48 8b c7 f0 48 0f b1 13 74 16 48 85 05
0x00007ff8bd74cb36:   6e f4 b9 00 74 0d 48 8b c8 f0 48 0f b1 13 48 3b
0x00007ff8bd74cb46:   c1 75 ea 48 8b fa 48 8b c7 48 8b 5c 24 30 48 83 


Stack slot to memory mapping:
stack at sp + 0 slots: 0x00007ff8bda487af jvm.dll
stack at sp + 1 slots: 0x0000000000000001 is an unknown value
stack at sp + 2 slots: 0x0000000000000002 is an unknown value
stack at sp + 3 slots: 0x000000f0bd6ff898 points into unknown readable memory: 0x0000000000000000 | 00 00 00 00 00 00 00 00
stack at sp + 4 slots: 0x000002d74ef65440 points into unknown readable memory: 0x00007ff8be09a5f0 | f0 a5 09 be f8 7f 00 00
stack at sp + 5 slots: 0x0000000800000002 is pointing into metadata
stack at sp + 6 slots: 0x00007ff800000000 is an unknown value
stack at sp + 7 slots: 0x0000000703e60001 points into unknown readable memory: 00 00 00 00 00 00 00


---------------  P R O C E S S  ---------------

Threads class SMR info:
_java_thread_list=0x000002d74f4a3600, length=24, elements={
0x000002d736d41b70, 0x000002d749738df0, 0x000002d749739c70, 0x000002d74976ac20,
0x000002d74976b6f0, 0x000002d74976e1c0, 0x000002d749795f30, 0x000002d7497702c0,
0x000002d7497babc0, 0x000002d7498997c0, 0x000002d749940420, 0x000002d749940f30,
0x000002d749943920, 0x000002d7499a7bb0, 0x000002d74e4787d0, 0x000002d74e501e10,
0x000002d74e517850, 0x000002d74e5557a0, 0x000002d74e57fc70, 0x000002d74e580180,
0x000002d74e5815c0, 0x000002d74e57f760, 0x000002d74e5810b0, 0x000002d74e580690
}

Java Threads: ( => current thread )
  0x000002d736d41b70 JavaThread "main" [_thread_blocked, id=27328, stack(0x000000f0bb400000,0x000000f0bb500000)]
  0x000002d749738df0 JavaThread "Reference Handler" daemon [_thread_blocked, id=27920, stack(0x000000f0bbb00000,0x000000f0bbc00000)]
  0x000002d749739c70 JavaThread "Finalizer" daemon [_thread_blocked, id=13252, stack(0x000000f0bbc00000,0x000000f0bbd00000)]
  0x000002d74976ac20 JavaThread "Signal Dispatcher" daemon [_thread_blocked, id=18472, stack(0x000000f0bbd00000,0x000000f0bbe00000)]
  0x000002d74976b6f0 JavaThread "Attach Listener" daemon [_thread_blocked, id=20704, stack(0x000000f0bbe00000,0x000000f0bbf00000)]
  0x000002d74976e1c0 JavaThread "Service Thread" daemon [_thread_blocked, id=7752, stack(0x000000f0bbf00000,0x000000f0bc000000)]
  0x000002d749795f30 JavaThread "Monitor Deflation Thread" daemon [_thread_blocked, id=16916, stack(0x000000f0bc000000,0x000000f0bc100000)]
  0x000002d7497702c0 JavaThread "C1 CompilerThread0" daemon [_thread_blocked, id=13956, stack(0x000000f0bc100000,0x000000f0bc200000)]
  0x000002d7497babc0 JavaThread "Sweeper thread" daemon [_thread_blocked, id=12264, stack(0x000000f0bc200000,0x000000f0bc300000)]
  0x000002d7498997c0 JavaThread "Common-Cleaner" daemon [_thread_blocked, id=22300, stack(0x000000f0bc300000,0x000000f0bc400000)]
  0x000002d749940420 JavaThread "C1 CompilerThread1" daemon [_thread_blocked, id=25044, stack(0x000000f0bc400000,0x000000f0bc500000)]
  0x000002d749940f30 JavaThread "C1 CompilerThread2" daemon [_thread_blocked, id=6748, stack(0x000000f0bc500000,0x000000f0bc600000)]
  0x000002d749943920 JavaThread "C1 CompilerThread3" daemon [_thread_blocked, id=20504, stack(0x000000f0bc600000,0x000000f0bc700000)]
  0x000002d7499a7bb0 JavaThread "Notification Thread" daemon [_thread_blocked, id=21680, stack(0x000000f0bc700000,0x000000f0bc800000)]
  0x000002d74e4787d0 JavaThread "RMI TCP Accept-0" daemon [_thread_in_native, id=23144, stack(0x000000f0bc800000,0x000000f0bc900000)]
  0x000002d74e501e10 JavaThread "RMI TCP Accept-6696" daemon [_thread_in_native, id=20304, stack(0x000000f0bc900000,0x000000f0bca00000)]
  0x000002d74e517850 JavaThread "RMI TCP Accept-0" daemon [_thread_in_native, id=8896, stack(0x000000f0bca00000,0x000000f0bcb00000)]
  0x000002d74e5557a0 JavaThread "RMI TCP Connection(1)-127.0.0.1" daemon [_thread_in_native, id=2220, stack(0x000000f0bcc00000,0x000000f0bcd00000)]
  0x000002d74e57fc70 JavaThread "RMI Scheduler(0)" daemon [_thread_blocked, id=25972, stack(0x000000f0bcd00000,0x000000f0bce00000)]
  0x000002d74e580180 JavaThread "RMI TCP Connection(2)-127.0.0.1" daemon [_thread_in_native, id=17288, stack(0x000000f0bce00000,0x000000f0bcf00000)]
  0x000002d74e5815c0 JavaThread "JMX server connection timeout 22" daemon [_thread_blocked, id=4176, stack(0x000000f0bcf00000,0x000000f0bd000000)]
  0x000002d74e57f760 JavaThread "Catalina-utility-1" [_thread_blocked, id=27092, stack(0x000000f0bd900000,0x000000f0bda00000)]
  0x000002d74e5810b0 JavaThread "Catalina-utility-2" [_thread_blocked, id=24056, stack(0x000000f0bdb00000,0x000000f0bdc00000)]
  0x000002d74e580690 JavaThread "container-0" [_thread_blocked, id=1584, stack(0x000000f0bdc00000,0x000000f0bdd00000)]

Other Threads:
  0x000002d749736640 VMThread "VM Thread" [stack: 0x000000f0bba00000,0x000000f0bbb00000] [id=28352]
  0x000002d736dda4b0 WatcherThread [stack: 0x000000f0bcb00000,0x000000f0bcc00000] [id=28512]
  0x000002d736daf640 GCTaskThread "GC Thread#0" [stack: 0x000000f0bb500000,0x000000f0bb600000] [id=27316]
  0x000002d74e7fec60 GCTaskThread "GC Thread#1" [stack: 0x000000f0bd000000,0x000000f0bd100000] [id=14644]
  0x000002d74e7f8380 GCTaskThread "GC Thread#2" [stack: 0x000000f0bd100000,0x000000f0bd200000] [id=6136]
  0x000002d74e9b28a0 GCTaskThread "GC Thread#3" [stack: 0x000000f0bd200000,0x000000f0bd300000] [id=11684]
  0x000002d74e9e0770 GCTaskThread "GC Thread#4" [stack: 0x000000f0bd300000,0x000000f0bd400000] [id=28492]
  0x000002d74e9e0a30 GCTaskThread "GC Thread#5" [stack: 0x000000f0bd400000,0x000000f0bd500000] [id=25168]
  0x000002d74ea118f0 GCTaskThread "GC Thread#6" [stack: 0x000000f0bd500000,0x000000f0bd600000] [id=1140]
=>0x000002d74ea15bc0 GCTaskThread "GC Thread#7" [stack: 0x000000f0bd600000,0x000000f0bd700000] [id=20248]
  0x000002d736dc0af0 ConcurrentGCThread "G1 Main Marker" [stack: 0x000000f0bb600000,0x000000f0bb700000] [id=12920]
  0x000002d736dc1500 ConcurrentGCThread "G1 Conc#0" [stack: 0x000000f0bb700000,0x000000f0bb800000] [id=21836]
  0x000002d74eb61d30 ConcurrentGCThread "G1 Conc#1" [stack: 0x000000f0bda00000,0x000000f0bdb00000] [id=27620]
  0x000002d736deeaa0 ConcurrentGCThread "G1 Refine#0" [stack: 0x000000f0bb800000,0x000000f0bb900000] [id=27224]
  0x000002d74e9d5f30 ConcurrentGCThread "G1 Refine#1" [stack: 0x000000f0bd700000,0x000000f0bd800000] [id=24496]
  0x000002d74ea16690 ConcurrentGCThread "G1 Refine#2" [stack: 0x000000f0bd800000,0x000000f0bd900000] [id=21624]
  0x000002d74958f770 ConcurrentGCThread "G1 Service" [stack: 0x000000f0bb900000,0x000000f0bba00000] [id=24908]

Threads with active compile tasks:

VM state: at safepoint (normal execution)

VM Mutex/Monitor currently owned by a thread:  ([mutex/lock_event])
[0x000002d736d3eec0] Threads_lock - owner thread: 0x000002d749736640
[0x000002d736d3ed10] Heap_lock - owner thread: 0x000002d736d41b70

Heap address: 0x0000000702400000, size: 4060 MB, Compressed Oops mode: Zero based, Oop shift amount: 3

CDS archive(s) not mapped
Compressed class space mapped at: 0x0000000800000000-0x0000000840000000, reserved size: 1073741824
Narrow klass base: 0x0000000800000000, Narrow klass shift: 0, Narrow klass range: 0x40000000

GC Precious Log:
 CPUs: 8 total, 8 available
 Memory: 16235M
 Large Page Support: Disabled
 NUMA Support: Disabled
 Compressed Oops: Enabled (Zero based)
 Heap Region Size: 2M
 Heap Min Capacity: 8M
 Heap Initial Capacity: 254M
 Heap Max Capacity: 4060M
 Pre-touch: Disabled
 Parallel Workers: 8
 Concurrent Workers: 2
 Concurrent Refinement Workers: 8
 Periodic GC: Disabled

Heap:
 garbage-first heap   total 69632K, used 49233K [0x0000000702400000, 0x0000000800000000)
  region size 2048K, 18 young (36864K), 2 survivors (4096K)
 Metaspace       used 41981K, committed 42368K, reserved 1114112K
  class space    used 5440K, committed 5632K, reserved 1048576K

Heap Regions: E=young(eden), S=young(survivor), O=old, HS=humongous(starts), HC=humongous(continues), CS=collection set, F=free, OA=open archive, CA=closed archive, TAMS=top-at-mark-start (previous, next)
|   0|0x0000000702400000, 0x0000000702600000, 0x0000000702600000|100%| O|  |TAMS 0x0000000702600000, 0x0000000702400000| Untracked 
|   1|0x0000000702600000, 0x0000000702800000, 0x0000000702800000|100%| O|  |TAMS 0x0000000702800000, 0x0000000702600000| Untracked 
|   2|0x0000000702800000, 0x0000000702a00000, 0x0000000702a00000|100%| O|  |TAMS 0x0000000702a00000, 0x0000000702800000| Untracked 
|   3|0x0000000702a00000, 0x0000000702c00000, 0x0000000702c00000|100%| O|  |TAMS 0x0000000702a00000, 0x0000000702a00000| Untracked 
|   4|0x0000000702c00000, 0x0000000702e00000, 0x0000000702e00000|100%| O|  |TAMS 0x0000000702e00000, 0x0000000702c00000| Untracked 
|   5|0x0000000702e00000, 0x0000000702faec00, 0x0000000703000000| 84%| O|  |TAMS 0x0000000702faec00, 0x0000000702e00000| Untracked 
|   6|0x0000000703000000, 0x0000000703200000, 0x0000000703200000|100%| O|  |TAMS 0x0000000703000000, 0x0000000703000000| Untracked 
|   7|0x0000000703200000, 0x00000007033f2130, 0x0000000703400000| 97%| O|  |TAMS 0x0000000703200000, 0x0000000703200000| Untracked 
|   8|0x0000000703400000, 0x0000000703400000, 0x0000000703600000|  0%| F|  |TAMS 0x0000000703400000, 0x0000000703400000| Untracked 
|   9|0x0000000703600000, 0x0000000703600000, 0x0000000703800000|  0%| F|  |TAMS 0x0000000703600000, 0x0000000703600000| Untracked 
|  10|0x0000000703800000, 0x0000000703800000, 0x0000000703a00000|  0%| F|  |TAMS 0x0000000703800000, 0x0000000703800000| Untracked 
|  11|0x0000000703a00000, 0x0000000703a00000, 0x0000000703c00000|  0%| F|  |TAMS 0x0000000703a00000, 0x0000000703a00000| Untracked 
|  12|0x0000000703c00000, 0x0000000703c409f0, 0x0000000703e00000| 12%| S|  |TAMS 0x0000000703c00000, 0x0000000703c00000| Complete 
|  13|0x0000000703e00000, 0x0000000704000000, 0x0000000704000000|100%| S|  |TAMS 0x0000000703e00000, 0x0000000703e00000| Complete 
|  14|0x0000000704000000, 0x0000000704200000, 0x0000000704200000|100%| E|CS|TAMS 0x0000000704000000, 0x0000000704000000| Complete 
|  15|0x0000000704200000, 0x0000000704400000, 0x0000000704400000|100%| E|CS|TAMS 0x0000000704200000, 0x0000000704200000| Complete 
|  16|0x0000000704400000, 0x0000000704600000, 0x0000000704600000|100%| E|CS|TAMS 0x0000000704400000, 0x0000000704400000| Complete 
|  17|0x0000000704600000, 0x0000000704800000, 0x0000000704800000|100%| E|CS|TAMS 0x0000000704600000, 0x0000000704600000| Complete 
|  18|0x0000000704800000, 0x0000000704a00000, 0x0000000704a00000|100%| E|CS|TAMS 0x0000000704800000, 0x0000000704800000| Complete 
|  19|0x0000000704a00000, 0x0000000704c00000, 0x0000000704c00000|100%| E|CS|TAMS 0x0000000704a00000, 0x0000000704a00000| Complete 
|  20|0x0000000704c00000, 0x0000000704e00000, 0x0000000704e00000|100%| E|CS|TAMS 0x0000000704c00000, 0x0000000704c00000| Complete 
|  21|0x0000000704e00000, 0x0000000705000000, 0x0000000705000000|100%| E|CS|TAMS 0x0000000704e00000, 0x0000000704e00000| Complete 
|  22|0x0000000705000000, 0x0000000705200000, 0x0000000705200000|100%| E|CS|TAMS 0x0000000705000000, 0x0000000705000000| Complete 
|  23|0x0000000705200000, 0x0000000705400000, 0x0000000705400000|100%| E|CS|TAMS 0x0000000705200000, 0x0000000705200000| Complete 
|  24|0x0000000705400000, 0x0000000705600000, 0x0000000705600000|100%| E|CS|TAMS 0x0000000705400000, 0x0000000705400000| Complete 
|  25|0x0000000705600000, 0x0000000705800000, 0x0000000705800000|100%| E|CS|TAMS 0x0000000705600000, 0x0000000705600000| Complete 
|  26|0x0000000705800000, 0x0000000705a00000, 0x0000000705a00000|100%| E|CS|TAMS 0x0000000705800000, 0x0000000705800000| Complete 
|  27|0x0000000705a00000, 0x0000000705c00000, 0x0000000705c00000|100%| E|CS|TAMS 0x0000000705a00000, 0x0000000705a00000| Complete 
|  28|0x0000000705c00000, 0x0000000705e00000, 0x0000000705e00000|100%| E|CS|TAMS 0x0000000705c00000, 0x0000000705c00000| Complete 
|  49|0x0000000708600000, 0x0000000708665850, 0x0000000708800000| 19%| E|CS|TAMS 0x0000000708600000, 0x0000000708600000| Complete 
|  50|0x0000000708800000, 0x0000000708a00000, 0x0000000708a00000|100%| E|CS|TAMS 0x0000000708800000, 0x0000000708800000| Complete 
|  51|0x0000000708a00000, 0x0000000708c00000, 0x0000000708c00000|100%| E|CS|TAMS 0x0000000708a00000, 0x0000000708a00000| Complete 
|  52|0x0000000708c00000, 0x0000000708e00000, 0x0000000708e00000|100%| E|CS|TAMS 0x0000000708c00000, 0x0000000708c00000| Complete 
| 126|0x0000000712000000, 0x0000000712200000, 0x0000000712200000|100%| E|CS|TAMS 0x0000000712000000, 0x0000000712000000| Complete 

Card table byte_map: [0x000002d73dd00000,0x000002d73e4f0000] _byte_map_base: 0x000002d73a4ee000

Marking Bits (Prev, Next): (CMBitMap*) 0x000002d736dafc60, (CMBitMap*) 0x000002d736dafca0
 Prev Bits: [0x000002d73ece0000, 0x000002d742c50000)
 Next Bits: [0x000002d742c50000, 0x000002d746bc0000)

Polling page: 0x000002d734d00000

Metaspace:

Usage:
  Non-class:     35.68 MB used.
      Class:      5.31 MB used.
       Both:     41.00 MB used.

Virtual space:
  Non-class space:       64.00 MB reserved,      35.88 MB ( 56%) committed,  1 nodes.
      Class space:        1.00 GB reserved,       5.50 MB ( <1%) committed,  1 nodes.
             Both:        1.06 GB reserved,      41.38 MB (  4%) committed. 

Chunk freelists:
   Non-Class:  11.57 MB
       Class:  10.39 MB
        Both:  21.96 MB

MaxMetaspaceSize: unlimited
CompressedClassSpaceSize: 1.00 GB
Initial GC threshold: 21.00 MB
Current GC threshold: 59.19 MB
CDS: off
MetaspaceReclaimPolicy: balanced
 - commit_granule_bytes: 65536.
 - commit_granule_words: 8192.
 - virtual_space_node_default_size: 8388608.
 - enlarge_chunks_in_place: 1.
 - new_chunks_are_fully_committed: 0.
 - uncommit_free_chunks: 1.
 - use_allocation_guard: 0.
 - handle_deallocations: 1.


Internal statistics:

num_allocs_failed_limit: 8.
num_arena_births: 616.
num_arena_deaths: 0.
num_vsnodes_births: 2.
num_vsnodes_deaths: 0.
num_space_committed: 662.
num_space_uncommitted: 0.
num_chunks_returned_to_freelist: 8.
num_chunks_taken_from_freelist: 1838.
num_chunk_merges: 8.
num_chunk_splits: 1255.
num_chunks_enlarged: 900.
num_inconsistent_stats: 0.

CodeCache: size=49152Kb used=8545Kb max_used=8545Kb free=40606Kb
 bounds [0x000002d73a3f0000, 0x000002d73ac50000, 0x000002d73d3f0000]
 total_blobs=4152 nmethods=3622 adapters=454
 compilation: enabled
              stopped_count=0, restarted_count=0
 full_count=0

Compilation events (20 events):
Event: 5.023 Thread 0x000002d749940420 3614       1       java.util.zip.ZipFile$ZipEntryIterator::nextElement (5 bytes)
Event: 5.023 Thread 0x000002d749940f30 3615   !   1       java.util.zip.ZipFile$ZipEntryIterator::next (71 bytes)
Event: 5.024 Thread 0x000002d749943920 nmethod 3613 0x000002d73ac45910 code [0x000002d73ac45aa0, 0x000002d73ac45b88]
Event: 5.024 Thread 0x000002d7497702c0 nmethod 3612 0x000002d73ac45c10 code [0x000002d73ac45da0, 0x000002d73ac45e78]
Event: 5.024 Thread 0x000002d749940420 nmethod 3614 0x000002d73ac45f10 code [0x000002d73ac460a0, 0x000002d73ac46188]
Event: 5.024 Thread 0x000002d749940f30 nmethod 3615 0x000002d73ac46210 code [0x000002d73ac463e0, 0x000002d73ac46728]
Event: 5.039 Thread 0x000002d749940f30 3616       1       java.lang.ClassLoader::getResource (41 bytes)
Event: 5.040 Thread 0x000002d749940f30 nmethod 3616 0x000002d73ac46a90 code [0x000002d73ac46c60, 0x000002d73ac46e78]
Event: 5.124 Thread 0x000002d749940f30 3617       1       java.lang.Class::getDeclaredMethods (27 bytes)
Event: 5.125 Thread 0x000002d749940f30 nmethod 3617 0x000002d73ac46f90 code [0x000002d73ac47140, 0x000002d73ac472b8]
Event: 5.162 Thread 0x000002d749940420 3618       1       net.bytebuddy.matcher.ElementMatcher$Junction$AbstractBase::<init> (5 bytes)
Event: 5.163 Thread 0x000002d749940420 nmethod 3618 0x000002d73ac47390 code [0x000002d73ac47520, 0x000002d73ac475d8]
Event: 5.174 Thread 0x000002d749940420 3619       1       java.util.AbstractList$Itr::hasNext (20 bytes)
Event: 5.174 Thread 0x000002d749940420 nmethod 3619 0x000002d73ac47690 code [0x000002d73ac47820, 0x000002d73ac47928]
Event: 5.183 Thread 0x000002d7497702c0 3621       1       java.io.ObjectStreamClass::isExternalizable (9 bytes)
Event: 5.183 Thread 0x000002d749940420 3620       1       java.io.ObjectStreamClass::isRecord (9 bytes)
Event: 5.183 Thread 0x000002d749940f30 3622       1       java.io.ObjectStreamClass::getClassDataLayout (20 bytes)
Event: 5.183 Thread 0x000002d749940f30 nmethod 3622 0x000002d73ac47990 code [0x000002d73ac47b20, 0x000002d73ac47c88]
Event: 5.183 Thread 0x000002d7497702c0 nmethod 3621 0x000002d73ac47d10 code [0x000002d73ac47ea0, 0x000002d73ac48028]
Event: 5.183 Thread 0x000002d749940420 nmethod 3620 0x000002d73ac48110 code [0x000002d73ac482a0, 0x000002d73ac48428]

GC Heap History (17 events):
Event: 1.219 GC heap before
{Heap before GC invocations=0 (full 0):
 garbage-first heap   total 260096K, used 20480K [0x0000000702400000, 0x0000000800000000)
  region size 2048K, 11 young (22528K), 0 survivors (0K)
 Metaspace       used 15559K, committed 15744K, reserved 1114112K
  class space    used 1649K, committed 1728K, reserved 1048576K
}
Event: 1.226 GC heap after
{Heap after GC invocations=1 (full 0):
 garbage-first heap   total 260096K, used 7100K [0x0000000702400000, 0x0000000800000000)
  region size 2048K, 2 young (4096K), 2 survivors (4096K)
 Metaspace       used 15559K, committed 15744K, reserved 1114112K
  class space    used 1649K, committed 1728K, reserved 1048576K
}
Event: 1.722 GC heap before
{Heap before GC invocations=1 (full 0):
 garbage-first heap   total 260096K, used 25532K [0x0000000702400000, 0x0000000800000000)
  region size 2048K, 11 young (22528K), 2 survivors (4096K)
 Metaspace       used 19421K, committed 19712K, reserved 1114112K
  class space    used 2252K, committed 2432K, reserved 1048576K
}
Event: 1.726 GC heap after
{Heap after GC invocations=2 (full 0):
 garbage-first heap   total 260096K, used 8783K [0x0000000702400000, 0x0000000800000000)
  region size 2048K, 1 young (2048K), 1 survivors (2048K)
 Metaspace       used 19421K, committed 19712K, reserved 1114112K
  class space    used 2252K, committed 2432K, reserved 1048576K
}
Event: 1.816 GC heap before
{Heap before GC invocations=2 (full 0):
 garbage-first heap   total 260096K, used 14927K [0x0000000702400000, 0x0000000800000000)
  region size 2048K, 5 young (10240K), 1 survivors (2048K)
 Metaspace       used 21259K, committed 21504K, reserved 1114112K
  class space    used 2449K, committed 2560K, reserved 1048576K
}
Event: 1.818 GC heap after
{Heap after GC invocations=3 (full 0):
 garbage-first heap   total 260096K, used 8951K [0x0000000702400000, 0x0000000800000000)
  region size 2048K, 1 young (2048K), 1 survivors (2048K)
 Metaspace       used 21259K, committed 21504K, reserved 1114112K
  class space    used 2449K, committed 2560K, reserved 1048576K
}
Event: 2.103 GC heap before
{Heap before GC invocations=4 (full 0):
 garbage-first heap   total 40960K, used 27383K [0x0000000702400000, 0x0000000800000000)
  region size 2048K, 11 young (22528K), 1 survivors (2048K)
 Metaspace       used 25211K, committed 25472K, reserved 1114112K
  class space    used 2957K, committed 3072K, reserved 1048576K
}
Event: 2.109 GC heap after
{Heap after GC invocations=5 (full 0):
 garbage-first heap   total 40960K, used 9980K [0x0000000702400000, 0x0000000800000000)
  region size 2048K, 2 young (4096K), 2 survivors (4096K)
 Metaspace       used 25211K, committed 25472K, reserved 1114112K
  class space    used 2957K, committed 3072K, reserved 1048576K
}
Event: 2.133 GC heap before
{Heap before GC invocations=5 (full 0):
 garbage-first heap   total 40960K, used 12028K [0x0000000702400000, 0x0000000800000000)
  region size 2048K, 3 young (6144K), 2 survivors (4096K)
 Metaspace       used 25679K, committed 25920K, reserved 1114112K
  class space    used 3013K, committed 3136K, reserved 1048576K
}
Event: 2.139 GC heap after
{Heap after GC invocations=6 (full 0):
 garbage-first heap   total 40960K, used 10373K [0x0000000702400000, 0x0000000800000000)
  region size 2048K, 1 young (2048K), 1 survivors (2048K)
 Metaspace       used 25679K, committed 25920K, reserved 1114112K
  class space    used 3013K, committed 3136K, reserved 1048576K
}
Event: 2.413 GC heap before
{Heap before GC invocations=6 (full 0):
 garbage-first heap   total 40960K, used 24709K [0x0000000702400000, 0x0000000800000000)
  region size 2048K, 8 young (16384K), 1 survivors (2048K)
 Metaspace       used 27401K, committed 27712K, reserved 1114112K
  class space    used 3268K, committed 3392K, reserved 1048576K
}
Event: 2.416 GC heap after
{Heap after GC invocations=7 (full 0):
 garbage-first heap   total 40960K, used 11480K [0x0000000702400000, 0x0000000800000000)
  region size 2048K, 1 young (2048K), 1 survivors (2048K)
 Metaspace       used 27401K, committed 27712K, reserved 1114112K
  class space    used 3268K, committed 3392K, reserved 1048576K
}
Event: 2.852 GC heap before
{Heap before GC invocations=7 (full 0):
 garbage-first heap   total 40960K, used 27864K [0x0000000702400000, 0x0000000800000000)
  region size 2048K, 9 young (18432K), 1 survivors (2048K)
 Metaspace       used 29032K, committed 29376K, reserved 1114112K
  class space    used 3511K, committed 3648K, reserved 1048576K
}
Event: 2.859 GC heap after
{Heap after GC invocations=8 (full 0):
 garbage-first heap   total 151552K, used 12451K [0x0000000702400000, 0x0000000800000000)
  region size 2048K, 2 young (4096K), 2 survivors (4096K)
 Metaspace       used 29032K, committed 29376K, reserved 1114112K
  class space    used 3511K, committed 3648K, reserved 1048576K
}
Event: 4.127 GC heap before
{Heap before GC invocations=8 (full 0):
 garbage-first heap   total 151552K, used 53411K [0x0000000702400000, 0x0000000800000000)
  region size 2048K, 23 young (47104K), 2 survivors (4096K)
 Metaspace       used 35727K, committed 36160K, reserved 1114112K
  class space    used 4488K, committed 4736K, reserved 1048576K
}
Event: 4.143 GC heap after
{Heap after GC invocations=9 (full 0):
 garbage-first heap   total 151552K, used 16465K [0x0000000702400000, 0x0000000800000000)
  region size 2048K, 4 young (8192K), 4 survivors (8192K)
 Metaspace       used 35727K, committed 36160K, reserved 1114112K
  class space    used 4488K, committed 4736K, reserved 1048576K
}
Event: 5.212 GC heap before
{Heap before GC invocations=10 (full 0):
 garbage-first heap   total 69632K, used 49233K [0x0000000702400000, 0x0000000800000000)
  region size 2048K, 20 young (40960K), 4 survivors (8192K)
 Metaspace       used 41981K, committed 42368K, reserved 1114112K
  class space    used 5440K, committed 5632K, reserved 1048576K
}

Dll operation events (9 events):
Event: 0.011 Loaded shared library C:\Users\wangq\Downloads\sts-4.20.0.RELEASE\plugins\org.eclipse.justj.openjdk.hotspot.jre.full.win32.x86_64_17.0.8.v20230831-1047\jre\bin\java.dll
Event: 0.369 Loaded shared library C:\Users\wangq\Downloads\sts-4.20.0.RELEASE\plugins\org.eclipse.justj.openjdk.hotspot.jre.full.win32.x86_64_17.0.8.v20230831-1047\jre\bin\jimage.dll
Event: 0.394 Loaded shared library C:\Users\wangq\Downloads\sts-4.20.0.RELEASE\plugins\org.eclipse.justj.openjdk.hotspot.jre.full.win32.x86_64_17.0.8.v20230831-1047\jre\bin\net.dll
Event: 0.397 Loaded shared library C:\Users\wangq\Downloads\sts-4.20.0.RELEASE\plugins\org.eclipse.justj.openjdk.hotspot.jre.full.win32.x86_64_17.0.8.v20230831-1047\jre\bin\nio.dll
Event: 0.406 Loaded shared library C:\Users\wangq\Downloads\sts-4.20.0.RELEASE\plugins\org.eclipse.justj.openjdk.hotspot.jre.full.win32.x86_64_17.0.8.v20230831-1047\jre\bin\zip.dll
Event: 0.485 Loaded shared library C:\Users\wangq\Downloads\sts-4.20.0.RELEASE\plugins\org.eclipse.justj.openjdk.hotspot.jre.full.win32.x86_64_17.0.8.v20230831-1047\jre\bin\management.dll
Event: 0.508 Loaded shared library C:\Users\wangq\Downloads\sts-4.20.0.RELEASE\plugins\org.eclipse.justj.openjdk.hotspot.jre.full.win32.x86_64_17.0.8.v20230831-1047\jre\bin\management_ext.dll
Event: 4.107 Loaded shared library C:\Users\wangq\Downloads\sts-4.20.0.RELEASE\plugins\org.eclipse.justj.openjdk.hotspot.jre.full.win32.x86_64_17.0.8.v20230831-1047\jre\bin\sunmscapi.dll
Event: 5.056 Loaded shared library C:\Users\wangq\Downloads\sts-4.20.0.RELEASE\plugins\org.eclipse.justj.openjdk.hotspot.jre.full.win32.x86_64_17.0.8.v20230831-1047\jre\bin\verify.dll

Deoptimization events (6 events):
Event: 1.943 Thread 0x000002d736d41b70 DEOPT PACKING pc=0x000002d73a9970f9 sp=0x000000f0bb4fd1f0
Event: 1.943 Thread 0x000002d736d41b70 DEOPT UNPACKING pc=0x000002d73a447143 sp=0x000000f0bb4fc6d0 mode 3
Event: 2.406 Thread 0x000002d736d41b70 DEOPT PACKING pc=0x000002d73aa46cd5 sp=0x000000f0bb4fe330
Event: 2.406 Thread 0x000002d736d41b70 DEOPT UNPACKING pc=0x000002d73a447143 sp=0x000000f0bb4fd7d8 mode 3
Event: 4.315 Thread 0x000002d736d41b70 DEOPT PACKING pc=0x000002d73abe96a5 sp=0x000000f0bb4fc1c0
Event: 4.315 Thread 0x000002d736d41b70 DEOPT UNPACKING pc=0x000002d73a447143 sp=0x000000f0bb4fb728 mode 3

Classes unloaded (0 events):
No events

Classes redefined (0 events):
No events

Internal exceptions (20 events):
Event: 3.421 Thread 0x000002d736d41b70 Exception <a 'java/lang/NoSuchMethodError'{0x000000070a443e68}: 'void java.lang.invoke.DirectMethodHandle$Holder.invokeSpecial(java.lang.Object, java.lang.Object, java.lang.Object, java.lang.Object, java.lang.Object, java.lang.Object)'> (0x000000070a443e68) 
thrown [s\src\hotspot\share\interpreter\linkResolver.cpp, line 759]
Event: 3.512 Thread 0x000002d736d41b70 Exception <a 'java/lang/NoSuchMethodError'{0x000000070a37d6d0}: 'java.lang.Object java.lang.invoke.DirectMethodHandle$Holder.invokeSpecialIFC(java.lang.Object, java.lang.Object, java.lang.Object)'> (0x000000070a37d6d0) 
thrown [s\src\hotspot\share\interpreter\linkResolver.cpp, line 759]
Event: 3.578 Thread 0x000002d74e580180 Exception <a 'java/lang/reflect/InvocationTargetException'{0x000000070b140e40}> (0x000000070b140e40) 
thrown [s\src\hotspot\share\runtime\reflection.cpp, line 1121]
Event: 3.672 Thread 0x000002d736d41b70 Exception <a 'java/lang/NoSuchMethodError'{0x0000000709c355f0}: 'void java.lang.invoke.DirectMethodHandle$Holder.invokeInterface(java.lang.Object, java.lang.Object, int)'> (0x0000000709c355f0) 
thrown [s\src\hotspot\share\interpreter\linkResolver.cpp, line 759]
Event: 3.677 Thread 0x000002d736d41b70 Exception <a 'java/lang/IncompatibleClassChangeError'{0x0000000709c850f0}: Found class java.lang.Object, but interface was expected> (0x0000000709c850f0) 
thrown [s\src\hotspot\share\interpreter\linkResolver.cpp, line 826]
Event: 3.679 Thread 0x000002d736d41b70 Exception <a 'java/lang/NoSuchMethodError'{0x0000000709c9de30}: 'void java.lang.invoke.DirectMethodHandle$Holder.invokeStatic(java.lang.Object, int, java.lang.Object)'> (0x0000000709c9de30) 
thrown [s\src\hotspot\share\interpreter\linkResolver.cpp, line 759]
Event: 3.685 Thread 0x000002d736d41b70 Exception <a 'java/lang/NoSuchMethodError'{0x0000000709cda1b0}: 'void java.lang.invoke.DirectMethodHandle$Holder.invokeVirtual(java.lang.Object, java.lang.Object, int)'> (0x0000000709cda1b0) 
thrown [s\src\hotspot\share\interpreter\linkResolver.cpp, line 759]
Event: 3.686 Thread 0x000002d736d41b70 Exception <a 'java/lang/NoSuchMethodError'{0x0000000709ce0368}: 'void java.lang.invoke.DirectMethodHandle$Holder.invokeStatic(java.lang.Object, java.lang.Object, java.lang.Object, int, java.lang.Object)'> (0x0000000709ce0368) 
thrown [s\src\hotspot\share\interpreter\linkResolver.cpp, line 759]
Event: 3.686 Thread 0x000002d736d41b70 Exception <a 'java/lang/NoSuchMethodError'{0x0000000709ce77e8}: 'java.lang.Object java.lang.invoke.DirectMethodHandle$Holder.newInvokeSpecial(java.lang.Object, java.lang.Object, java.lang.Object, int)'> (0x0000000709ce77e8) 
thrown [s\src\hotspot\share\interpreter\linkResolver.cpp, line 759]
Event: 3.687 Thread 0x000002d736d41b70 Exception <a 'java/lang/NoSuchMethodError'{0x0000000709cebad0}: 'java.lang.Object java.lang.invoke.DirectMethodHandle$Holder.invokeSpecial(java.lang.Object, java.lang.Object, java.lang.Object, java.lang.Object, int)'> (0x0000000709cebad0) 
thrown [s\src\hotspot\share\interpreter\linkResolver.cpp, line 759]
Event: 3.687 Thread 0x000002d736d41b70 Exception <a 'java/lang/NoSuchMethodError'{0x0000000709cef698}: 'java.lang.Object java.lang.invoke.Invokers$Holder.linkToTargetMethod(java.lang.Object, java.lang.Object, int, java.lang.Object)'> (0x0000000709cef698) 
thrown [s\src\hotspot\share\interpreter\linkResolver.cpp, line 759]
Event: 4.008 Thread 0x000002d736d41b70 Exception <a 'java/lang/NoSuchMethodError'{0x0000000709328430}: 'java.lang.Object java.lang.invoke.DirectMethodHandle$Holder.invokeSpecial(java.lang.Object, java.lang.Object, long, java.lang.Object, java.lang.Object, java.lang.Object, java.lang.Object, java.lang.Object, java.lang.Object)'> (0x0000000709328430) 
thrown [s\src\hotspot\share\interpreter\linkResolver.cpp, line 759]
Event: 4.009 Thread 0x000002d736d41b70 Exception <a 'java/lang/NoSuchMethodError'{0x000000070932cf58}: 'java.lang.Object java.lang.invoke.DelegatingMethodHandle$Holder.reinvoke_L(java.lang.Object, long, java.lang.Object, java.lang.Object, java.lang.Object, java.lang.Object, java.lang.Object, java.lang.Object)'> (0x000000070932cf58) 
thrown [s\src\hotspot\share\interpreter\linkResolver.cpp, line 759]
Event: 4.126 Thread 0x000002d74e580180 Exception <a 'java/lang/reflect/InvocationTargetException'{0x000000070b144550}> (0x000000070b144550) 
thrown [s\src\hotspot\share\runtime\reflection.cpp, line 1121]
Event: 4.188 Thread 0x000002d736d41b70 Exception <a 'java/io/FileNotFoundException'{0x00000007121b4ad0}> (0x00000007121b4ad0) 
thrown [s\src\hotspot\share\prims\jni.cpp, line 516]
Event: 4.237 Thread 0x000002d736d41b70 Exception <a 'java/lang/NoSuchMethodError'{0x0000000705d9b8e8}: 'int java.lang.invoke.DirectMethodHandle$Holder.invokeInterface(java.lang.Object, java.lang.Object, java.lang.Object, java.lang.Object)'> (0x0000000705d9b8e8) 
thrown [s\src\hotspot\share\interpreter\linkResolver.cpp, line 759]
Event: 4.334 Thread 0x000002d736d41b70 Exception <a 'java/lang/NoSuchMethodError'{0x0000000705bdd668}: 'long java.lang.invoke.DirectMethodHandle$Holder.invokeVirtual(java.lang.Object, java.lang.Object)'> (0x0000000705bdd668) 
thrown [s\src\hotspot\share\interpreter\linkResolver.cpp, line 759]
Event: 4.522 Thread 0x000002d736d41b70 Exception <a 'sun/nio/fs/WindowsException'{0x00000007052762f0}> (0x00000007052762f0) 
thrown [s\src\hotspot\share\prims\jni.cpp, line 516]
Event: 4.629 Thread 0x000002d74e580180 Exception <a 'java/lang/reflect/InvocationTargetException'{0x0000000704e01b90}> (0x0000000704e01b90) 
thrown [s\src\hotspot\share\runtime\reflection.cpp, line 1121]
Event: 5.182 Thread 0x000002d74e580180 Exception <a 'java/lang/reflect/InvocationTargetException'{0x0000000704e054f0}> (0x0000000704e054f0) 
thrown [s\src\hotspot\share\runtime\reflection.cpp, line 1121]

VM Operations (20 events):
Event: 4.143 Executing VM operation: CollectForMetadataAllocation done
Event: 4.150 Executing VM operation: HandshakeAllThreads
Event: 4.150 Executing VM operation: HandshakeAllThreads done
Event: 4.162 Executing VM operation: G1PauseRemark
Event: 4.166 Executing VM operation: G1PauseRemark done
Event: 4.171 Executing VM operation: G1PauseCleanup
Event: 4.172 Executing VM operation: G1PauseCleanup done
Event: 4.177 Executing VM operation: HandshakeAllThreads
Event: 4.177 Executing VM operation: HandshakeAllThreads done
Event: 4.273 Executing VM operation: HandshakeAllThreads
Event: 4.273 Executing VM operation: HandshakeAllThreads done
Event: 4.274 Executing VM operation: HandshakeAllThreads
Event: 4.274 Executing VM operation: HandshakeAllThreads done
Event: 4.350 Executing VM operation: HandshakeAllThreads
Event: 4.350 Executing VM operation: HandshakeAllThreads done
Event: 4.461 Executing VM operation: HandshakeAllThreads
Event: 4.461 Executing VM operation: HandshakeAllThreads done
Event: 4.684 Executing VM operation: HandshakeAllThreads
Event: 4.684 Executing VM operation: HandshakeAllThreads done
Event: 5.212 Executing VM operation: G1CollectForAllocation

Events (20 events):
Event: 5.034 loading class javax/xml/stream/XMLStreamException
Event: 5.034 loading class javax/xml/stream/XMLStreamException done
Event: 5.035 loading class javax/xml/stream/XMLEventReader
Event: 5.035 loading class javax/xml/stream/XMLEventReader done
Event: 5.035 loading class javax/xml/stream/XMLResolver
Event: 5.035 loading class javax/xml/stream/XMLResolver done
Event: 5.039 loading class javax/xml/stream/XMLEventFactory
Event: 5.040 loading class javax/xml/stream/XMLEventFactory done
Event: 5.040 loading class javax/xml/stream/FactoryFinder
Event: 5.040 loading class javax/xml/stream/FactoryFinder done
Event: 5.041 loading class javax/xml/stream/FactoryFinder$1
Event: 5.041 loading class javax/xml/stream/FactoryFinder$1 done
Event: 5.042 loading class com/sun/xml/internal/stream/events/XMLEventFactoryImpl
Event: 5.042 loading class com/sun/xml/internal/stream/events/XMLEventFactoryImpl done
Event: 5.067 loading class java/lang/Process
Event: 5.068 loading class java/lang/Process done
Event: 5.084 loading class java/lang/reflect/GenericSignatureFormatError
Event: 5.084 loading class java/lang/reflect/GenericSignatureFormatError done
Event: 5.125 loading class java/io/Console
Event: 5.126 loading class java/io/Console done


Dynamic libraries:
0x00007ff6d3e70000 - 0x00007ff6d3e7e000 	C:\Users\wangq\Downloads\sts-4.20.0.RELEASE\plugins\org.eclipse.justj.openjdk.hotspot.jre.full.win32.x86_64_17.0.8.v20230831-1047\jre\bin\javaw.exe
0x00007ff98a9f0000 - 0x00007ff98ac07000 	C:\WINDOWS\SYSTEM32\ntdll.dll
0x00007ff989fc0000 - 0x00007ff98a084000 	C:\WINDOWS\System32\KERNEL32.DLL
0x00007ff987fb0000 - 0x00007ff988357000 	C:\WINDOWS\System32\KERNELBASE.dll
0x00007ff987d70000 - 0x00007ff987e81000 	C:\WINDOWS\System32\ucrtbase.dll
0x00007ff96a640000 - 0x00007ff96a657000 	C:\Users\wangq\Downloads\sts-4.20.0.RELEASE\plugins\org.eclipse.justj.openjdk.hotspot.jre.full.win32.x86_64_17.0.8.v20230831-1047\jre\bin\jli.dll
0x00007ff96bf90000 - 0x00007ff96bfa9000 	C:\Users\wangq\Downloads\sts-4.20.0.RELEASE\plugins\org.eclipse.justj.openjdk.hotspot.jre.full.win32.x86_64_17.0.8.v20230831-1047\jre\bin\VCRUNTIME140.dll
0x00007ff989e10000 - 0x00007ff989fbe000 	C:\WINDOWS\System32\USER32.dll
0x00007ff988480000 - 0x00007ff9884a6000 	C:\WINDOWS\System32\win32u.dll
0x00007ff986f90000 - 0x00007ff987223000 	C:\WINDOWS\WinSxS\amd64_microsoft.windows.common-controls_6595b64144ccf1df_6.0.22621.2483_none_2714a1b573815e84\COMCTL32.dll
0x00007ff989000000 - 0x00007ff989029000 	C:\WINDOWS\System32\GDI32.dll
0x00007ff9888b0000 - 0x00007ff988957000 	C:\WINDOWS\System32\msvcrt.dll
0x00007ff987e90000 - 0x00007ff987fa9000 	C:\WINDOWS\System32\gdi32full.dll
0x00007ff988360000 - 0x00007ff9883fa000 	C:\WINDOWS\System32\msvcp_win.dll
0x00007ff988b40000 - 0x00007ff988b71000 	C:\WINDOWS\System32\IMM32.DLL
0x00007ff987600000 - 0x00007ff98760c000 	C:\Users\wangq\Downloads\sts-4.20.0.RELEASE\plugins\org.eclipse.justj.openjdk.hotspot.jre.full.win32.x86_64_17.0.8.v20230831-1047\jre\bin\vcruntime140_1.dll
0x00007ff8bce40000 - 0x00007ff8bced1000 	C:\Users\wangq\Downloads\sts-4.20.0.RELEASE\plugins\org.eclipse.justj.openjdk.hotspot.jre.full.win32.x86_64_17.0.8.v20230831-1047\jre\bin\msvcp140.dll
0x00007ff8bd740000 - 0x00007ff8be38c000 	C:\Users\wangq\Downloads\sts-4.20.0.RELEASE\plugins\org.eclipse.justj.openjdk.hotspot.jre.full.win32.x86_64_17.0.8.v20230831-1047\jre\bin\server\jvm.dll
0x00007ff989ae0000 - 0x00007ff989b90000 	C:\WINDOWS\System32\ADVAPI32.dll
0x00007ff988800000 - 0x00007ff9888a6000 	C:\WINDOWS\System32\sechost.dll
0x00007ff98a430000 - 0x00007ff98a547000 	C:\WINDOWS\System32\RPCRT4.dll
0x00007ff987690000 - 0x00007ff9876dd000 	C:\WINDOWS\SYSTEM32\POWRPROF.dll
0x00007ff968df0000 - 0x00007ff968df9000 	C:\WINDOWS\SYSTEM32\WSOCK32.dll
0x00007ff97ca10000 - 0x00007ff97ca44000 	C:\WINDOWS\SYSTEM32\WINMM.dll
0x00007ff985f10000 - 0x00007ff985f1a000 	C:\WINDOWS\SYSTEM32\VERSION.dll
0x00007ff98a550000 - 0x00007ff98a5c1000 	C:\WINDOWS\System32\WS2_32.dll
0x00007ff987330000 - 0x00007ff987343000 	C:\WINDOWS\SYSTEM32\UMPDC.dll
0x00007ff985da0000 - 0x00007ff985db8000 	C:\WINDOWS\SYSTEM32\kernel.appcore.dll
0x00007ff980c40000 - 0x00007ff980c4a000 	C:\Users\wangq\Downloads\sts-4.20.0.RELEASE\plugins\org.eclipse.justj.openjdk.hotspot.jre.full.win32.x86_64_17.0.8.v20230831-1047\jre\bin\jimage.dll
0x00007ff9876e0000 - 0x00007ff987913000 	C:\WINDOWS\SYSTEM32\DBGHELP.DLL
0x00007ff98a5d0000 - 0x00007ff98a959000 	C:\WINDOWS\System32\combase.dll
0x00007ff989b90000 - 0x00007ff989c67000 	C:\WINDOWS\System32\OLEAUT32.dll
0x00007ff987550000 - 0x00007ff987582000 	C:\WINDOWS\SYSTEM32\dbgcore.DLL
0x00007ff988400000 - 0x00007ff98847a000 	C:\WINDOWS\System32\bcryptPrimitives.dll
0x00007ff969ad0000 - 0x00007ff969af5000 	C:\Users\wangq\Downloads\sts-4.20.0.RELEASE\plugins\org.eclipse.justj.openjdk.hotspot.jre.full.win32.x86_64_17.0.8.v20230831-1047\jre\bin\java.dll
0x00007ff96a250000 - 0x00007ff96a268000 	C:\Users\wangq\Downloads\sts-4.20.0.RELEASE\plugins\org.eclipse.justj.openjdk.hotspot.jre.full.win32.x86_64_17.0.8.v20230831-1047\jre\bin\zip.dll
0x00007ff989190000 - 0x00007ff9899e9000 	C:\WINDOWS\System32\SHELL32.dll
0x00007ff984d20000 - 0x00007ff985616000 	C:\WINDOWS\SYSTEM32\windows.storage.dll
0x00007ff984be0000 - 0x00007ff984d1e000 	C:\WINDOWS\SYSTEM32\wintypes.dll
0x00007ff989d00000 - 0x00007ff989df3000 	C:\WINDOWS\System32\SHCORE.dll
0x00007ff9899f0000 - 0x00007ff989a4e000 	C:\WINDOWS\System32\shlwapi.dll
0x00007ff987ca0000 - 0x00007ff987cc6000 	C:\WINDOWS\SYSTEM32\profapi.dll
0x00007ff93b610000 - 0x00007ff93b629000 	C:\Users\wangq\Downloads\sts-4.20.0.RELEASE\plugins\org.eclipse.justj.openjdk.hotspot.jre.full.win32.x86_64_17.0.8.v20230831-1047\jre\bin\net.dll
0x00007ff97be70000 - 0x00007ff97bfa7000 	C:\WINDOWS\SYSTEM32\WINHTTP.dll
0x00007ff9861f0000 - 0x00007ff986259000 	C:\WINDOWS\system32\mswsock.dll
0x00007ff93aba0000 - 0x00007ff93abb5000 	C:\Users\wangq\Downloads\sts-4.20.0.RELEASE\plugins\org.eclipse.justj.openjdk.hotspot.jre.full.win32.x86_64_17.0.8.v20230831-1047\jre\bin\nio.dll
0x00007ff96bf80000 - 0x00007ff96bf89000 	C:\Users\wangq\Downloads\sts-4.20.0.RELEASE\plugins\org.eclipse.justj.openjdk.hotspot.jre.full.win32.x86_64_17.0.8.v20230831-1047\jre\bin\management.dll
0x00007ff96a690000 - 0x00007ff96a69b000 	C:\Users\wangq\Downloads\sts-4.20.0.RELEASE\plugins\org.eclipse.justj.openjdk.hotspot.jre.full.win32.x86_64_17.0.8.v20230831-1047\jre\bin\management_ext.dll
0x00007ff989a50000 - 0x00007ff989a58000 	C:\WINDOWS\System32\PSAPI.DLL
0x00007ff9647d0000 - 0x00007ff9647e7000 	C:\WINDOWS\system32\napinsp.dll
0x00007ff964660000 - 0x00007ff96467b000 	C:\WINDOWS\system32\pnrpnsp.dll
0x00007ff9858f0000 - 0x00007ff9859e9000 	C:\WINDOWS\SYSTEM32\DNSAPI.dll
0x00007ff985880000 - 0x00007ff9858ad000 	C:\WINDOWS\SYSTEM32\IPHLPAPI.DLL
0x00007ff989ad0000 - 0x00007ff989ad9000 	C:\WINDOWS\System32\NSI.dll
0x00007ff964760000 - 0x00007ff964771000 	C:\WINDOWS\System32\winrnr.dll
0x00007ff97ca50000 - 0x00007ff97ca65000 	C:\WINDOWS\system32\wshbth.dll
0x00007ff964730000 - 0x00007ff964751000 	C:\WINDOWS\system32\nlansp_c.dll
0x0000000058250000 - 0x0000000058276000 	C:\Program Files\Bonjour\mdnsNSP.dll
0x00007ff97abc0000 - 0x00007ff97abca000 	C:\Windows\System32\rasadhlp.dll
0x00007ff978400000 - 0x00007ff978483000 	C:\WINDOWS\System32\fwpuclnt.dll
0x00007ff987a10000 - 0x00007ff987a2b000 	C:\WINDOWS\SYSTEM32\CRYPTSP.dll
0x00007ff985d60000 - 0x00007ff985d95000 	C:\WINDOWS\system32\rsaenh.dll
0x00007ff986290000 - 0x00007ff9862bc000 	C:\WINDOWS\SYSTEM32\USERENV.dll
0x00007ff987590000 - 0x00007ff9875b8000 	C:\WINDOWS\SYSTEM32\bcrypt.dll
0x00007ff986580000 - 0x00007ff98658c000 	C:\WINDOWS\SYSTEM32\CRYPTBASE.dll
0x00007ff97b580000 - 0x00007ff97b599000 	C:\WINDOWS\SYSTEM32\dhcpcsvc6.DLL
0x00007ff97b560000 - 0x00007ff97b57f000 	C:\WINDOWS\SYSTEM32\dhcpcsvc.DLL
0x00007ff94db00000 - 0x00007ff94db0e000 	C:\Users\wangq\Downloads\sts-4.20.0.RELEASE\plugins\org.eclipse.justj.openjdk.hotspot.jre.full.win32.x86_64_17.0.8.v20230831-1047\jre\bin\sunmscapi.dll
0x00007ff9884b0000 - 0x00007ff988616000 	C:\WINDOWS\System32\CRYPT32.dll
0x00007ff986f60000 - 0x00007ff986f8d000 	C:\WINDOWS\SYSTEM32\ncrypt.dll
0x00007ff986f20000 - 0x00007ff986f57000 	C:\WINDOWS\SYSTEM32\NTASN1.dll
0x00007ff9742b0000 - 0x00007ff9742c0000 	C:\Users\wangq\Downloads\sts-4.20.0.RELEASE\plugins\org.eclipse.justj.openjdk.hotspot.jre.full.win32.x86_64_17.0.8.v20230831-1047\jre\bin\verify.dll

dbghelp: loaded successfully - version: 4.0.5 - missing functions: none
symbol engine: initialized successfully - sym options: 0x614 - pdb path: .;C:\Users\wangq\Downloads\sts-4.20.0.RELEASE\plugins\org.eclipse.justj.openjdk.hotspot.jre.full.win32.x86_64_17.0.8.v20230831-1047\jre\bin;C:\WINDOWS\SYSTEM32;C:\WINDOWS\WinSxS\amd64_microsoft.windows.common-controls_6595b64144ccf1df_6.0.22621.2483_none_2714a1b573815e84;C:\Users\wangq\Downloads\sts-4.20.0.RELEASE\plugins\org.eclipse.justj.openjdk.hotspot.jre.full.win32.x86_64_17.0.8.v20230831-1047\jre\bin\server;C:\Program Files\Bonjour

VM Arguments:
jvm_args: -Dcom.sun.management.jmxremote -Dcom.sun.management.jmxremote.port=6696 -Dcom.sun.management.jmxremote.authenticate=false -Dcom.sun.management.jmxremote.ssl=false -Djava.rmi.server.hostname=localhost -Dspring.jmx.enabled=true -Dmanagement.endpoints.jmx.exposure.include=* -Dspring.application.admin.enabled=true -XX:TieredStopAtLevel=1 -Dspring.boot.project.name=Blog_Ouki -Dfile.encoding=UTF-8 -Dstdout.encoding=UTF-8 -Dstderr.encoding=UTF-8 -XX:+ShowCodeDetailsInExceptionMessages 
java_command: blog.com.BlogOukiApplication --spring.output.ansi.enabled=always
java_class_path (initial): C:\Users\wangq\Desktop\Blog\Blog_Ouki\Blog_Ouki\target\classes;C:\Users\wangq\.m2\repository\org\springframework\boot\spring-boot-starter-data-jpa\3.1.5\spring-boot-starter-data-jpa-3.1.5.jar;C:\Users\wangq\.m2\repository\org\springframework\boot\spring-boot-starter-aop\3.1.5\spring-boot-starter-aop-3.1.5.jar;C:\Users\wangq\.m2\repository\org\springframework\spring-aop\6.0.13\spring-aop-6.0.13.jar;C:\Users\wangq\.m2\repository\org\aspectj\aspectjweaver\1.9.20\aspectjweaver-1.9.20.jar;C:\Users\wangq\.m2\repository\org\springframework\boot\spring-boot-starter-jdbc\3.1.5\spring-boot-starter-jdbc-3.1.5.jar;C:\Users\wangq\.m2\repository\com\zaxxer\HikariCP\5.0.1\HikariCP-5.0.1.jar;C:\Users\wangq\.m2\repository\org\springframework\spring-jdbc\6.0.13\spring-jdbc-6.0.13.jar;C:\Users\wangq\.m2\repository\org\hibernate\orm\hibernate-core\6.2.13.Final\hibernate-core-6.2.13.Final.jar;C:\Users\wangq\.m2\repository\jakarta\persistence\jakarta.persistence-api\3.1.0\jakarta.persistence-api-3.1.0.jar;C:\Users\wangq\.m2\repository\jakarta\transaction\jakarta.transaction-api\2.0.1\jakarta.transaction-api-2.0.1.jar;C:\Users\wangq\.m2\repository\org\jboss\logging\jboss-logging\3.5.3.Final\jboss-logging-3.5.3.Final.jar;C:\Users\wangq\.m2\repository\org\hibernate\common\hibernate-commons-annotations\6.0.6.Final\hibernate-commons-annotations-6.0.6.Final.jar;C:\Users\wangq\.m2\repository\io\smallrye\jandex\3.0.5\jandex-3.0.5.jar;C:\Users\wangq\.m2\repository\com\fasterxml\classmate\1.5.1\classmate-1.5.1.jar;C:\Users\wangq\.m2\repository\net\bytebuddy\byte-buddy\1.14.9\byte-buddy-1.14.9.jar;C:\Users\wangq\.m2\repository\org\glassfish\jaxb\jaxb-runtime\4.0.3\jaxb-runtime-4.0.3.jar;C:\Users\wangq\.m2\repository\org\glassfish\jaxb\jaxb-core\4.0.3\jaxb-core-4.0.3.jar;C:\Users\wangq\.m2\repository\org\eclipse\angus\angus-activation\2.0.1\angus-activation-2.0.1.jar;C:\Users\wangq\.m2\repository\org\glassfish\jaxb\txw2\4.0.3\txw2-4.0.3.jar;C:\Users\wangq\.m2\repository\
Launcher Type: SUN_STANDARD

[Global flags]
     intx CICompilerCount                          = 4                                         {product} {ergonomic}
     uint ConcGCThreads                            = 2                                         {product} {ergonomic}
     uint G1ConcRefinementThreads                  = 8                                         {product} {ergonomic}
   size_t G1HeapRegionSize                         = 2097152                                   {product} {ergonomic}
    uintx GCDrainStackTargetSize                   = 64                                        {product} {ergonomic}
   size_t InitialHeapSize                          = 266338304                                 {product} {ergonomic}
     bool ManagementServer                         = true                                      {product} {command line}
   size_t MarkStackSize                            = 4194304                                   {product} {ergonomic}
   size_t MaxHeapSize                              = 4257218560                                {product} {ergonomic}
   size_t MaxNewSize                               = 2554331136                                {product} {ergonomic}
   size_t MinHeapDeltaBytes                        = 2097152                                   {product} {ergonomic}
   size_t MinHeapSize                              = 8388608                                   {product} {ergonomic}
    uintx NonProfiledCodeHeapSize                  = 0                                      {pd product} {ergonomic}
     bool ProfileInterpreter                       = false                                  {pd product} {command line}
    uintx ProfiledCodeHeapSize                     = 0                                      {pd product} {ergonomic}
     bool ShowCodeDetailsInExceptionMessages       = true                                   {manageable} {command line}
   size_t SoftMaxHeapSize                          = 4257218560                             {manageable} {ergonomic}
     intx TieredStopAtLevel                        = 1                                         {product} {command line}
     bool UseCompressedClassPointers               = true                           {product lp64_product} {ergonomic}
     bool UseCompressedOops                        = true                           {product lp64_product} {ergonomic}
     bool UseG1GC                                  = true                                      {product} {ergonomic}
     bool UseLargePagesIndividualAllocation        = false                                  {pd product} {ergonomic}

Logging:
Log output configuration:
 #0: stdout all=warning uptime,level,tags
 #1: stderr all=off uptime,level,tags

Environment Variables:
PATH=C:/Users/wangq/Downloads/sts-4.20.0.RELEASE//plugins/org.eclipse.justj.openjdk.hotspot.jre.full.win32.x86_64_17.0.8.v20230831-1047/jre/bin/server;C:/Users/wangq/Downloads/sts-4.20.0.RELEASE//plugins/org.eclipse.justj.openjdk.hotspot.jre.full.win32.x86_64_17.0.8.v20230831-1047/jre/bin;C:\Program Files\Common Files\Oracle\Java\javapath;C:\Windows\system32;C:\Windows;C:\Windows\System32\Wbem;C:\Windows\System32\WindowsPowerShell\v1.0\;C:\Windows\System32\OpenSSH\;C:\Program Files (x86)\NVIDIA Corporation\PhysX\Common;C:\Program Files\NVIDIA Corporation\NVIDIA NvDLISR;C:\WINDOWS\system32;C:\WINDOWS;C:\WINDOWS\System32\Wbem;C:\WINDOWS\System32\WindowsPowerShell\v1.0\;C:\WINDOWS\System32\OpenSSH\;C:\Program Files (x86)\Intel\Intel(R) Management Engine Components\DAL;C:\Program Files\Intel\Intel(R) Management Engine Components\DAL;C:\Program Files\dotnet\;C:\PROGRA~1\JPKI;C:\Program Files\Git\cmd;C:\Users\wangq\AppData\Local\Microsoft\WindowsApps;;C:\Users\wangq\AppData\Local\Microsoft\WindowsApps;C:\Users\wangq\AppData\Local\Programs\Microsoft VS Code\bin;C:\Program Files\JetBrains\IntelliJ IDEA 2023.2\bin;;C:\Users\wangq\Downloads\sts-4.20.0.RELEASE;
USERNAME=musk
OS=Windows_NT
PROCESSOR_IDENTIFIER=Intel64 Family 6 Model 158 Stepping 9, GenuineIntel
TMP=C:\Users\wangq\AppData\Local\Temp
TEMP=C:\Users\wangq\AppData\Local\Temp



---------------  S Y S T E M  ---------------

OS:
 Windows 11 , 64 bit Build 22621 (10.0.22621.2700)
OS uptime: 0 days 13:02 hours
Hyper-V role detected

CPU: total 8 (initial active 8) (4 cores per cpu, 2 threads per core) family 6 model 158 stepping 9 microcode 0xea, cx8, cmov, fxsr, ht, mmx, 3dnowpref, sse, sse2, sse3, ssse3, sse4.1, sse4.2, popcnt, lzcnt, tsc, tscinvbit, avx, avx2, aes, erms, clmul, bmi1, bmi2, adx, fma, vzeroupper, clflush, clflushopt, hv
Processor Information for all 8 processors :
  Max Mhz: 2801, Current Mhz: 2800, Mhz Limit: 2772

Memory: 4k page, system-wide physical 16235M (2921M free)
TotalPageFile size 36715M (AvailPageFile size 15954M)
current process WorkingSet (physical memory assigned to process): 167M, peak: 172M
current process commit charge ("private bytes"): 204M, peak: 363M

vm_info: OpenJDK 64-Bit Server VM (17.0.8.1+1) for windows-amd64 JRE (17.0.8.1+1), built on Aug 23 2023 15:29:17 by "admin" with MS VC++ 16.7 (VS2019)

END.
